2019-12-01 21:33:06.714  [http-nio-8080-exec-2] DEBUG [com.ft.house.biz.mapper.HouseMapper.selectPageHouses:] http-nio-8080-exec-2cid - ==>  Preparing: select a.id, a.type, a.name, a.price, a.images, a.area, a.beds, a.baths, a.rating, a.remarks, a.properties, a.floor_plan, a.tags, a.create_time, a.city_id, a.community_id, a.address, a.state from house a WHERE state = 1 order by a.create_time desc limit ?,? 
2019-12-01 21:33:06.741  [http-nio-8080-exec-2] DEBUG [com.ft.house.biz.mapper.HouseMapper.selectPageHouses:] http-nio-8080-exec-2cid - ==> Parameters: 0(Integer), 5(Integer)
2019-12-01 21:33:06.767  [http-nio-8080-exec-2] DEBUG [com.ft.house.biz.mapper.HouseMapper.selectPageHouses:] http-nio-8080-exec-2cid - <==      Total: 5
2019-12-01 21:33:06.775  [http-nio-8080-exec-2] DEBUG [com.ft.house.biz.mapper.HouseMapper.selectPageCount:] http-nio-8080-exec-2cid - ==>  Preparing: select count(id) from house a WHERE state = 1 
2019-12-01 21:33:06.778  [http-nio-8080-exec-2] DEBUG [com.ft.house.biz.mapper.HouseMapper.selectPageCount:] http-nio-8080-exec-2cid - ==> Parameters: 
2019-12-01 21:33:06.779  [http-nio-8080-exec-2] DEBUG [com.ft.house.biz.mapper.HouseMapper.selectPageCount:] http-nio-8080-exec-2cid - <==      Total: 1
2019-12-01 21:34:36.424  [http-nio-8080-exec-5] DEBUG [com.ft.house.biz.mapper.HouseMapper.selectPageHouses:] http-nio-8080-exec-5cid - ==>  Preparing: select a.id, a.type, a.name, a.price, a.images, a.area, a.beds, a.baths, a.rating, a.remarks, a.properties, a.floor_plan, a.tags, a.create_time, a.city_id, a.community_id, a.address, a.state from house a WHERE state = 1 order by a.create_time desc limit ?,? 
2019-12-01 21:34:36.425  [http-nio-8080-exec-5] DEBUG [com.ft.house.biz.mapper.HouseMapper.selectPageHouses:] http-nio-8080-exec-5cid - ==> Parameters: 0(Integer), 5(Integer)
2019-12-01 21:34:36.438  [http-nio-8080-exec-5] DEBUG [com.ft.house.biz.mapper.HouseMapper.selectPageHouses:] http-nio-8080-exec-5cid - <==      Total: 5
2019-12-01 21:34:36.439  [http-nio-8080-exec-5] DEBUG [com.ft.house.biz.mapper.HouseMapper.selectPageCount:] http-nio-8080-exec-5cid - ==>  Preparing: select count(id) from house a WHERE state = 1 
2019-12-01 21:34:36.440  [http-nio-8080-exec-5] DEBUG [com.ft.house.biz.mapper.HouseMapper.selectPageCount:] http-nio-8080-exec-5cid - ==> Parameters: 
2019-12-01 21:34:36.441  [http-nio-8080-exec-5] DEBUG [com.ft.house.biz.mapper.HouseMapper.selectPageCount:] http-nio-8080-exec-5cid - <==      Total: 1
2019-12-01 21:34:44.071  [http-nio-8080-exec-6] DEBUG [com.ft.house.biz.mapper.HouseMapper.selectPageHouses:] http-nio-8080-exec-6cid - ==>  Preparing: select a.id, a.type, a.name, a.price, a.images, a.area, a.beds, a.baths, a.rating, a.remarks, a.properties, a.floor_plan, a.tags, a.create_time, a.city_id, a.community_id, a.address, a.state from house a WHERE state = 1 and a.type = ? order by a.create_time desc limit ?,? 
2019-12-01 21:34:44.072  [http-nio-8080-exec-6] DEBUG [com.ft.house.biz.mapper.HouseMapper.selectPageHouses:] http-nio-8080-exec-6cid - ==> Parameters: 1(Integer), 5(Integer), 5(Integer)
2019-12-01 21:34:44.083  [http-nio-8080-exec-6] DEBUG [com.ft.house.biz.mapper.HouseMapper.selectPageHouses:] http-nio-8080-exec-6cid - <==      Total: 5
2019-12-01 21:34:44.084  [http-nio-8080-exec-6] DEBUG [com.ft.house.biz.mapper.HouseMapper.selectPageCount:] http-nio-8080-exec-6cid - ==>  Preparing: select count(id) from house a WHERE state = 1 and a.type = ? 
2019-12-01 21:34:44.084  [http-nio-8080-exec-6] DEBUG [com.ft.house.biz.mapper.HouseMapper.selectPageCount:] http-nio-8080-exec-6cid - ==> Parameters: 1(Integer)
2019-12-01 21:34:44.087  [http-nio-8080-exec-6] DEBUG [com.ft.house.biz.mapper.HouseMapper.selectPageCount:] http-nio-8080-exec-6cid - <==      Total: 1
2019-12-01 21:34:48.846  [http-nio-8080-exec-8] DEBUG [com.ft.house.biz.mapper.HouseMapper.selectPageHouses:] http-nio-8080-exec-8cid - ==>  Preparing: select a.id, a.type, a.name, a.price, a.images, a.area, a.beds, a.baths, a.rating, a.remarks, a.properties, a.floor_plan, a.tags, a.create_time, a.city_id, a.community_id, a.address, a.state from house a WHERE state = 1 and a.type = ? order by a.create_time desc limit ?,? 
2019-12-01 21:34:48.847  [http-nio-8080-exec-8] DEBUG [com.ft.house.biz.mapper.HouseMapper.selectPageHouses:] http-nio-8080-exec-8cid - ==> Parameters: 1(Integer), 10(Integer), 5(Integer)
2019-12-01 21:34:48.862  [http-nio-8080-exec-8] DEBUG [com.ft.house.biz.mapper.HouseMapper.selectPageHouses:] http-nio-8080-exec-8cid - <==      Total: 5
2019-12-01 21:34:48.863  [http-nio-8080-exec-8] DEBUG [com.ft.house.biz.mapper.HouseMapper.selectPageCount:] http-nio-8080-exec-8cid - ==>  Preparing: select count(id) from house a WHERE state = 1 and a.type = ? 
2019-12-01 21:34:48.864  [http-nio-8080-exec-8] DEBUG [com.ft.house.biz.mapper.HouseMapper.selectPageCount:] http-nio-8080-exec-8cid - ==> Parameters: 1(Integer)
2019-12-01 21:34:48.865  [http-nio-8080-exec-8] DEBUG [com.ft.house.biz.mapper.HouseMapper.selectPageCount:] http-nio-8080-exec-8cid - <==      Total: 1
2019-12-01 21:34:59.165  [http-nio-8080-exec-10] DEBUG [com.ft.house.biz.mapper.HouseMapper.selectPageHouses:] http-nio-8080-exec-10cid - ==>  Preparing: select a.id, a.type, a.name, a.price, a.images, a.area, a.beds, a.baths, a.rating, a.remarks, a.properties, a.floor_plan, a.tags, a.create_time, a.city_id, a.community_id, a.address, a.state from house a WHERE state = 1 and a.type = ? order by a.price asc limit ?,? 
2019-12-01 21:34:59.167  [http-nio-8080-exec-10] DEBUG [com.ft.house.biz.mapper.HouseMapper.selectPageHouses:] http-nio-8080-exec-10cid - ==> Parameters: 1(Integer), 0(Integer), 5(Integer)
2019-12-01 21:34:59.171  [http-nio-8080-exec-10] DEBUG [com.ft.house.biz.mapper.HouseMapper.selectPageHouses:] http-nio-8080-exec-10cid - <==      Total: 5
2019-12-01 21:34:59.173  [http-nio-8080-exec-10] DEBUG [com.ft.house.biz.mapper.HouseMapper.selectPageCount:] http-nio-8080-exec-10cid - ==>  Preparing: select count(id) from house a WHERE state = 1 and a.type = ? 
2019-12-01 21:34:59.174  [http-nio-8080-exec-10] DEBUG [com.ft.house.biz.mapper.HouseMapper.selectPageCount:] http-nio-8080-exec-10cid - ==> Parameters: 1(Integer)
2019-12-01 21:34:59.175  [http-nio-8080-exec-10] DEBUG [com.ft.house.biz.mapper.HouseMapper.selectPageCount:] http-nio-8080-exec-10cid - <==      Total: 1
2019-12-01 21:35:00.202  [http-nio-8080-exec-1] DEBUG [com.ft.house.biz.mapper.HouseMapper.selectPageHouses:] http-nio-8080-exec-1cid - ==>  Preparing: select a.id, a.type, a.name, a.price, a.images, a.area, a.beds, a.baths, a.rating, a.remarks, a.properties, a.floor_plan, a.tags, a.create_time, a.city_id, a.community_id, a.address, a.state from house a WHERE state = 1 and a.type = ? order by a.create_time desc limit ?,? 
2019-12-01 21:35:00.206  [http-nio-8080-exec-1] DEBUG [com.ft.house.biz.mapper.HouseMapper.selectPageHouses:] http-nio-8080-exec-1cid - ==> Parameters: 1(Integer), 0(Integer), 5(Integer)
2019-12-01 21:35:00.213  [http-nio-8080-exec-1] DEBUG [com.ft.house.biz.mapper.HouseMapper.selectPageHouses:] http-nio-8080-exec-1cid - <==      Total: 5
2019-12-01 21:35:00.214  [http-nio-8080-exec-1] DEBUG [com.ft.house.biz.mapper.HouseMapper.selectPageCount:] http-nio-8080-exec-1cid - ==>  Preparing: select count(id) from house a WHERE state = 1 and a.type = ? 
2019-12-01 21:35:00.214  [http-nio-8080-exec-1] DEBUG [com.ft.house.biz.mapper.HouseMapper.selectPageCount:] http-nio-8080-exec-1cid - ==> Parameters: 1(Integer)
2019-12-01 21:35:00.215  [http-nio-8080-exec-1] DEBUG [com.ft.house.biz.mapper.HouseMapper.selectPageCount:] http-nio-8080-exec-1cid - <==      Total: 1
2019-12-01 21:35:03.870  [http-nio-8080-exec-2] DEBUG [com.ft.house.biz.mapper.HouseMapper.selectPageHouses:] http-nio-8080-exec-2cid - ==>  Preparing: select a.id, a.type, a.name, a.price, a.images, a.area, a.beds, a.baths, a.rating, a.remarks, a.properties, a.floor_plan, a.tags, a.create_time, a.city_id, a.community_id, a.address, a.state from house a WHERE state = 1 and a.type = ? order by a.create_time desc limit ?,? 
2019-12-01 21:35:03.872  [http-nio-8080-exec-2] DEBUG [com.ft.house.biz.mapper.HouseMapper.selectPageHouses:] http-nio-8080-exec-2cid - ==> Parameters: 2(Integer), 0(Integer), 5(Integer)
2019-12-01 21:35:03.877  [http-nio-8080-exec-2] DEBUG [com.ft.house.biz.mapper.HouseMapper.selectPageHouses:] http-nio-8080-exec-2cid - <==      Total: 1
2019-12-01 21:35:03.879  [http-nio-8080-exec-2] DEBUG [com.ft.house.biz.mapper.HouseMapper.selectPageCount:] http-nio-8080-exec-2cid - ==>  Preparing: select count(id) from house a WHERE state = 1 and a.type = ? 
2019-12-01 21:35:03.881  [http-nio-8080-exec-2] DEBUG [com.ft.house.biz.mapper.HouseMapper.selectPageCount:] http-nio-8080-exec-2cid - ==> Parameters: 2(Integer)
2019-12-01 21:35:03.882  [http-nio-8080-exec-2] DEBUG [com.ft.house.biz.mapper.HouseMapper.selectPageCount:] http-nio-8080-exec-2cid - <==      Total: 1
2019-12-01 21:35:11.563  [http-nio-8080-exec-4] DEBUG [com.ft.house.biz.mapper.HouseMapper.selectPageHouses:] http-nio-8080-exec-4cid - ==>  Preparing: select a.id, a.type, a.name, a.price, a.images, a.area, a.beds, a.baths, a.rating, a.remarks, a.properties, a.floor_plan, a.tags, a.create_time, a.city_id, a.community_id, a.address, a.state from house a WHERE state = 1 and a.type = ? order by a.create_time desc limit ?,? 
2019-12-01 21:35:11.564  [http-nio-8080-exec-4] DEBUG [com.ft.house.biz.mapper.HouseMapper.selectPageHouses:] http-nio-8080-exec-4cid - ==> Parameters: 1(Integer), 0(Integer), 5(Integer)
2019-12-01 21:35:11.568  [http-nio-8080-exec-4] DEBUG [com.ft.house.biz.mapper.HouseMapper.selectPageHouses:] http-nio-8080-exec-4cid - <==      Total: 5
2019-12-01 21:35:11.571  [http-nio-8080-exec-4] DEBUG [com.ft.house.biz.mapper.HouseMapper.selectPageCount:] http-nio-8080-exec-4cid - ==>  Preparing: select count(id) from house a WHERE state = 1 and a.type = ? 
2019-12-01 21:35:11.572  [http-nio-8080-exec-4] DEBUG [com.ft.house.biz.mapper.HouseMapper.selectPageCount:] http-nio-8080-exec-4cid - ==> Parameters: 1(Integer)
2019-12-01 21:35:11.575  [http-nio-8080-exec-4] DEBUG [com.ft.house.biz.mapper.HouseMapper.selectPageCount:] http-nio-8080-exec-4cid - <==      Total: 1
2019-12-01 21:35:22.680  [http-nio-8080-exec-8] DEBUG [com.ft.house.biz.mapper.UserMapper.selectUsersByQuery:] http-nio-8080-exec-8cid - ==>  Preparing: select * from user WHERE email = ? and passwd = ? and enable = ? 
2019-12-01 21:35:22.686  [http-nio-8080-exec-8] DEBUG [com.ft.house.biz.mapper.UserMapper.selectUsersByQuery:] http-nio-8080-exec-8cid - ==> Parameters: 18874959705@163.com(String), ed200ceb18768faf5b8c0a8c67cca4f7(String), 1(Integer)
2019-12-01 21:35:22.689  [http-nio-8080-exec-8] DEBUG [com.ft.house.biz.mapper.UserMapper.selectUsersByQuery:] http-nio-8080-exec-8cid - <==      Total: 0
2019-12-01 21:35:30.454  [http-nio-8080-exec-10] DEBUG [com.ft.house.biz.mapper.AgencyMapper.select:] http-nio-8080-exec-10cid - ==>  Preparing: select id , name, address, phone, email, about_us, mobile, web_site from agency 
2019-12-01 21:35:30.455  [http-nio-8080-exec-10] DEBUG [com.ft.house.biz.mapper.AgencyMapper.select:] http-nio-8080-exec-10cid - ==> Parameters: 
2019-12-01 21:35:30.506  [http-nio-8080-exec-10] DEBUG [com.ft.house.biz.mapper.AgencyMapper.select:] http-nio-8080-exec-10cid - <==      Total: 5
2019-12-01 21:35:38.584  [http-nio-8080-exec-4] DEBUG [com.ft.house.biz.mapper.UserMapper.selectUsersByQuery:] http-nio-8080-exec-4cid - ==>  Preparing: select * from user WHERE email = ? and passwd = ? and enable = ? 
2019-12-01 21:35:38.586  [http-nio-8080-exec-4] DEBUG [com.ft.house.biz.mapper.UserMapper.selectUsersByQuery:] http-nio-8080-exec-4cid - ==> Parameters: 18874959705@163.com(String), ed200ceb18768faf5b8c0a8c67cca4f7(String), 1(Integer)
2019-12-01 21:35:38.587  [http-nio-8080-exec-4] DEBUG [com.ft.house.biz.mapper.UserMapper.selectUsersByQuery:] http-nio-8080-exec-4cid - <==      Total: 0
2019-12-01 21:35:42.396  [http-nio-8080-exec-6] DEBUG [com.ft.house.biz.mapper.UserMapper.selectUsersByQuery:] http-nio-8080-exec-6cid - ==>  Preparing: select * from user WHERE email = ? and passwd = ? and enable = ? 
2019-12-01 21:35:42.397  [http-nio-8080-exec-6] DEBUG [com.ft.house.biz.mapper.UserMapper.selectUsersByQuery:] http-nio-8080-exec-6cid - ==> Parameters: 18874959705@163.com(String), e7f8051d3cd6d63ecb19f1b876053412(String), 1(Integer)
2019-12-01 21:35:42.398  [http-nio-8080-exec-6] DEBUG [com.ft.house.biz.mapper.UserMapper.selectUsersByQuery:] http-nio-8080-exec-6cid - <==      Total: 1
2019-12-01 21:35:42.416  [http-nio-8080-exec-7] DEBUG [com.ft.house.biz.mapper.HouseMapper.selectPageHouses:] http-nio-8080-exec-7cid - ==>  Preparing: select a.id, a.type, a.name, a.price, a.images, a.area, a.beds, a.baths, a.rating, a.remarks, a.properties, a.floor_plan, a.tags, a.create_time, a.city_id, a.community_id, a.address, a.state from house a WHERE state = 1 order by a.create_time desc limit ?,? 
2019-12-01 21:35:42.419  [http-nio-8080-exec-7] DEBUG [com.ft.house.biz.mapper.HouseMapper.selectPageHouses:] http-nio-8080-exec-7cid - ==> Parameters: 0(Integer), 8(Integer)
2019-12-01 21:35:42.422  [http-nio-8080-exec-7] DEBUG [com.ft.house.biz.mapper.HouseMapper.selectPageHouses:] http-nio-8080-exec-7cid - <==      Total: 8
2019-12-01 21:35:49.051  [http-nio-8080-exec-5] DEBUG [com.ft.house.biz.mapper.HouseMapper.selectPageHouses:] http-nio-8080-exec-5cid - ==>  Preparing: select a.id, a.type, a.name, a.price, a.images, a.area, a.beds, a.baths, a.rating, a.remarks, a.properties, a.floor_plan, a.tags, a.create_time, a.city_id, a.community_id, a.address, a.state from house a WHERE state = 1 and a.type = ? order by a.create_time desc limit ?,? 
2019-12-01 21:35:49.052  [http-nio-8080-exec-5] DEBUG [com.ft.house.biz.mapper.HouseMapper.selectPageHouses:] http-nio-8080-exec-5cid - ==> Parameters: 2(Integer), 0(Integer), 5(Integer)
2019-12-01 21:35:49.054  [http-nio-8080-exec-5] DEBUG [com.ft.house.biz.mapper.HouseMapper.selectPageHouses:] http-nio-8080-exec-5cid - <==      Total: 1
2019-12-01 21:35:49.054  [http-nio-8080-exec-5] DEBUG [com.ft.house.biz.mapper.HouseMapper.selectPageCount:] http-nio-8080-exec-5cid - ==>  Preparing: select count(id) from house a WHERE state = 1 and a.type = ? 
2019-12-01 21:35:49.055  [http-nio-8080-exec-5] DEBUG [com.ft.house.biz.mapper.HouseMapper.selectPageCount:] http-nio-8080-exec-5cid - ==> Parameters: 2(Integer)
2019-12-01 21:35:49.058  [http-nio-8080-exec-5] DEBUG [com.ft.house.biz.mapper.HouseMapper.selectPageCount:] http-nio-8080-exec-5cid - <==      Total: 1
2019-12-01 21:35:54.456  [http-nio-8080-exec-6] DEBUG [com.ft.house.biz.mapper.HouseMapper.selectPageHouses:] http-nio-8080-exec-6cid - ==>  Preparing: select a.id, a.type, a.name, a.price, a.images, a.area, a.beds, a.baths, a.rating, a.remarks, a.properties, a.floor_plan, a.tags, a.create_time, a.city_id, a.community_id, a.address, a.state from house a WHERE state = 1 and a.type = ? order by a.create_time desc limit ?,? 
2019-12-01 21:35:54.457  [http-nio-8080-exec-6] DEBUG [com.ft.house.biz.mapper.HouseMapper.selectPageHouses:] http-nio-8080-exec-6cid - ==> Parameters: 1(Integer), 0(Integer), 5(Integer)
2019-12-01 21:35:54.462  [http-nio-8080-exec-6] DEBUG [com.ft.house.biz.mapper.HouseMapper.selectPageHouses:] http-nio-8080-exec-6cid - <==      Total: 5
2019-12-01 21:35:54.463  [http-nio-8080-exec-6] DEBUG [com.ft.house.biz.mapper.HouseMapper.selectPageCount:] http-nio-8080-exec-6cid - ==>  Preparing: select count(id) from house a WHERE state = 1 and a.type = ? 
2019-12-01 21:35:54.463  [http-nio-8080-exec-6] DEBUG [com.ft.house.biz.mapper.HouseMapper.selectPageCount:] http-nio-8080-exec-6cid - ==> Parameters: 1(Integer)
2019-12-01 21:35:54.464  [http-nio-8080-exec-6] DEBUG [com.ft.house.biz.mapper.HouseMapper.selectPageCount:] http-nio-8080-exec-6cid - <==      Total: 1
2019-12-01 21:36:14.101  [http-nio-8080-exec-7] DEBUG [com.ft.house.biz.mapper.AgencyMapper.selectAgent:] http-nio-8080-exec-7cid - ==>  Preparing: select * from user WHERE enable = 1 and type = 2 order by id desc limit ?, ? 
2019-12-01 21:36:14.102  [http-nio-8080-exec-7] DEBUG [com.ft.house.biz.mapper.AgencyMapper.selectAgent:] http-nio-8080-exec-7cid - ==> Parameters: 0(Integer), 6(Integer)
2019-12-01 21:36:14.104  [http-nio-8080-exec-7] DEBUG [com.ft.house.biz.mapper.AgencyMapper.selectAgent:] http-nio-8080-exec-7cid - <==      Total: 6
2019-12-01 21:36:14.105  [http-nio-8080-exec-7] DEBUG [com.ft.house.biz.mapper.AgencyMapper.selectAgentCount:] http-nio-8080-exec-7cid - ==>  Preparing: select count(id) from user WHERE enable =1 and type =2 
2019-12-01 21:36:14.106  [http-nio-8080-exec-7] DEBUG [com.ft.house.biz.mapper.AgencyMapper.selectAgentCount:] http-nio-8080-exec-7cid - ==> Parameters: 
2019-12-01 21:36:14.107  [http-nio-8080-exec-7] DEBUG [com.ft.house.biz.mapper.AgencyMapper.selectAgentCount:] http-nio-8080-exec-7cid - <==      Total: 1
2019-12-01 21:36:20.876  [http-nio-8080-exec-8] DEBUG [com.ft.house.biz.mapper.AgencyMapper.selectAgent:] http-nio-8080-exec-8cid - ==>  Preparing: select * from user WHERE enable = 1 and type = 2 and id = ? order by id desc limit ?, ? 
2019-12-01 21:36:20.878  [http-nio-8080-exec-8] DEBUG [com.ft.house.biz.mapper.AgencyMapper.selectAgent:] http-nio-8080-exec-8cid - ==> Parameters: 15(Long), 0(Integer), 1(Integer)
2019-12-01 21:36:20.884  [http-nio-8080-exec-8] DEBUG [com.ft.house.biz.mapper.AgencyMapper.selectAgent:] http-nio-8080-exec-8cid - <==      Total: 1
2019-12-01 21:36:20.884  [http-nio-8080-exec-8] DEBUG [com.ft.house.biz.mapper.AgencyMapper.select:] http-nio-8080-exec-8cid - ==>  Preparing: select id , name, address, phone, email, about_us, mobile, web_site from agency 
2019-12-01 21:36:20.885  [http-nio-8080-exec-8] DEBUG [com.ft.house.biz.mapper.AgencyMapper.select:] http-nio-8080-exec-8cid - ==> Parameters: 
2019-12-01 21:36:20.889  [http-nio-8080-exec-8] DEBUG [com.ft.house.biz.mapper.AgencyMapper.select:] http-nio-8080-exec-8cid - <==      Total: 5
2019-12-01 21:36:21.903  [http-nio-8080-exec-8] DEBUG [com.ft.house.biz.mapper.HouseMapper.selectPageHouses:] http-nio-8080-exec-8cid - ==>  Preparing: select a.id, a.type, a.name, a.price, a.images, a.area, a.beds, a.baths, a.rating, a.remarks, a.properties, a.floor_plan, a.tags, a.create_time, a.city_id, a.community_id, a.address, a.state from house a inner join (select house_id,user_id from house_user WHERE user_id = ? and type =1 ) b on a.id = b.house_id WHERE state = 1 order by a.create_time desc limit ?,? 
2019-12-01 21:36:21.909  [http-nio-8080-exec-8] DEBUG [com.ft.house.biz.mapper.HouseMapper.selectPageHouses:] http-nio-8080-exec-8cid - ==> Parameters: 15(Long), 0(Integer), 3(Integer)
2019-12-01 21:36:21.920  [http-nio-8080-exec-8] DEBUG [com.ft.house.biz.mapper.HouseMapper.selectPageHouses:] http-nio-8080-exec-8cid - <==      Total: 0
2019-12-01 21:36:21.921  [http-nio-8080-exec-8] DEBUG [com.ft.house.biz.mapper.HouseMapper.selectPageCount:] http-nio-8080-exec-8cid - ==>  Preparing: select count(id) from house a inner join (select house_id,user_id from house_user WHERE user_id = ? and type =1 ) b on a.id = b.house_id WHERE state = 1 
2019-12-01 21:36:21.922  [http-nio-8080-exec-8] DEBUG [com.ft.house.biz.mapper.HouseMapper.selectPageCount:] http-nio-8080-exec-8cid - ==> Parameters: 15(Long)
2019-12-01 21:36:21.923  [http-nio-8080-exec-8] DEBUG [com.ft.house.biz.mapper.HouseMapper.selectPageCount:] http-nio-8080-exec-8cid - <==      Total: 1
2019-12-01 21:39:54.482  [http-nio-8080-exec-4] DEBUG [com.ft.house.biz.mapper.AgencyMapper.selectAgent:] http-nio-8080-exec-4cid - ==>  Preparing: select * from user WHERE enable = 1 and type = 2 order by id desc limit ?, ? 
2019-12-01 21:39:54.483  [http-nio-8080-exec-4] DEBUG [com.ft.house.biz.mapper.AgencyMapper.selectAgent:] http-nio-8080-exec-4cid - ==> Parameters: 0(Integer), 6(Integer)
2019-12-01 21:39:54.485  [http-nio-8080-exec-4] DEBUG [com.ft.house.biz.mapper.AgencyMapper.selectAgent:] http-nio-8080-exec-4cid - <==      Total: 6
2019-12-01 21:39:54.485  [http-nio-8080-exec-4] DEBUG [com.ft.house.biz.mapper.AgencyMapper.selectAgentCount:] http-nio-8080-exec-4cid - ==>  Preparing: select count(id) from user WHERE enable =1 and type =2 
2019-12-01 21:39:54.486  [http-nio-8080-exec-4] DEBUG [com.ft.house.biz.mapper.AgencyMapper.selectAgentCount:] http-nio-8080-exec-4cid - ==> Parameters: 
2019-12-01 21:39:54.488  [http-nio-8080-exec-4] DEBUG [com.ft.house.biz.mapper.AgencyMapper.selectAgentCount:] http-nio-8080-exec-4cid - <==      Total: 1
